Arguments: 
  C:\Program Files\nodejs\node.exe C:\Users\zhaoguoxiang\AppData\Roaming\npm\node_modules\yarn\bin\yarn.js

PATH: 
  C:\Windows\system32;C:\Windows;C:\Windows\System32\Wbem;C:\Windows\System32\WindowsPowerShell\v1.0\;C:\Windows\System32\OpenSSH\;C:\Program Files\TortoiseSVN\bin;C:\Program Files\Git\cmd;C:\Program Files\Microsoft SQL Server\130\Tools\Binn\;C:\Python27;C:\Program Files\nodejs\;C:\Program Files\Redis\;C:\Program Files (x86)\NetSarang\Xshell 7\;C:\Users\zhaoguoxiang\AppData\Local\Microsoft\WindowsApps;;c:\program files\esafenet\cobra docguard client;C:\Users\zhaoguoxiang\.dotnet\tools;D:\Program Files (x86)\Fiddler;C:\Users\zhaoguoxiang\AppData\Roaming\npm;D:\Program Files (x86)\JetBrains\DataGrip 2020.2.2\bin;;C:\Users\zhaoguoxiang\AppData\Local\Programs\Microsoft VS Code\bin;C:\Program Files\JetBrains\WebStorm 2020.2.4\bin;

Yarn version: 
  1.22.10

Node version: 
  16.4.0

Platform: 
  win32 x64

Trace: 
  Error: EPERM: operation not permitted, unlink 'D:\projects\webpack\webpack-basic\node_modules\node-sass\vendor\win32-x64-93\binding.node'

npm manifest: 
  {
    "name": "webpack-basic",
    "version": "1.0.0",
    "description": "",
    "main": "index.js",
    "scripts": {
      "dev": "cross-env NODE_ENV=dev webpack serve --mode development",
      "test": "cross-env NODE_ENV=test webpack --mode production",
      "build": "cross-env NODE_ENV=prod webpack --mode production"
    },
    "keywords": [],
    "author": "",
    "license": "ISC",
    "devDependencies": {
      "@babel/core": "^7.17.0",
      "@babel/preset-env": "^7.16.11",
      "babel-loader": "^8.2.3",
      "clean-webpack-plugin": "^4.0.0",
      "cross-env": "^7.0.3",
      "css-loader": "^6.6.0",
      "file-loader": "^6.2.0",
      "html-webpack-plugin": "^5.5.0",
      "mini-css-extract-plugin": "^1.3.6",
      "node-sass": "^7.0.1",
      "postcss": "^8.4.6",
      "postcss-loader": "^6.2.1",
      "postcss-preset-env": "^7.3.1",
      "sass-loader": "^12.4.0",
      "speed-measure-webpack-plugin": "^1.5.0",
      "style-loader": "^3.3.1",
      "url-loader": "^4.1.1",
      "webpack": "^5.68.0",
      "webpack-cli": "^4.9.2",
      "webpack-dev-server": "^4.7.4"
    }
  }

yarn manifest: 
  No manifest

Lockfile: 
  No lockfile
